[debug] [2022-01-09T06:29:01.948Z] ----------------------------------------------------------------------
[debug] [2022-01-09T06:29:01.950Z] Command:       C:\Program Files\nodejs\node.exe C:\Users\Zach\AppData\Roaming\npm\node_modules\firebase-tools\lib\bin\firebase.js init
[debug] [2022-01-09T06:29:01.950Z] CLI Version:   10.0.1
[debug] [2022-01-09T06:29:01.950Z] Platform:      win32
[debug] [2022-01-09T06:29:01.950Z] Node Version:  v16.13.1
[debug] [2022-01-09T06:29:01.951Z] Time:          Sat Jan 08 2022 23:29:01 GMT-0700 (Mountain Standard Time)
[debug] [2022-01-09T06:29:01.951Z] ----------------------------------------------------------------------
[debug] 
[debug] [2022-01-09T06:29:01.957Z] > command requires scopes: ["email","openid","https://www.googleapis.com/auth/cloudplatformprojects.readonly","https://www.googleapis.com/auth/firebase","https://www.googleapis.com/auth/cloud-platform"]
[debug] [2022-01-09T06:29:01.958Z] > authorizing via signed-in user (steeldealent@gmail.com)
[info] 
     ######## #### ########  ######## ########     ###     ######  ########
     ##        ##  ##     ## ##       ##     ##  ##   ##  ##       ##
     ######    ##  ########  ######   ########  #########  ######  ######
     ##        ##  ##    ##  ##       ##     ## ##     ##       ## ##
     ##       #### ##     ## ######## ########  ##     ##  ######  ########

You're about to initialize a Firebase project in this directory:

  C:\Users\Zach\Programming\FrankeFarms\WineCellar\WineCellarV2\ff-wine-cellar

[info] 
=== Project Setup
[info] 
[info] First, let's associate this project directory with a Firebase project.
[info] You can create multiple project aliases by running firebase use --add, 
[info] but for now we'll just set up a default project.
[info] 
[debug] [2022-01-09T06:29:13.122Z] >>> [apiv2][query] GET https://firebase.googleapis.com/v1beta1/projects pageSize=100
[debug] [2022-01-09T06:29:13.435Z] <<< [apiv2][status] GET https://firebase.googleapis.com/v1beta1/projects 200
[debug] [2022-01-09T06:29:13.436Z] <<< [apiv2][body] GET https://firebase.googleapis.com/v1beta1/projects [omitted]
[info] i  Using project frankefarmswinecellar (FrankeFarmsWineCellar) 
[info] 
=== Hosting Setup
[info] 
[info] Your public directory is the folder (relative to your project directory) that
[info] will contain Hosting assets to be uploaded with firebase deploy. If you
[info] have a build process for your assets, use your build's output directory.
[info] 
[debug] [2022-01-09T06:29:38.583Z] >>> [apiv2][query] GET https://www.gstatic.com/firebasejs/releases.json [none]
[debug] [2022-01-09T06:29:38.690Z] <<< [apiv2][status] GET https://www.gstatic.com/firebasejs/releases.json 200
[debug] [2022-01-09T06:29:38.690Z] <<< [apiv2][body] GET https://www.gstatic.com/firebasejs/releases.json {"current":{"version":"9.6.2","browserURL":"https://www.gstatic.com/firebasejs/9.6.2/firebase.js","packageURL":"https://www.gstatic.com/firebasejs/9.6.2/firebase.tgz"},"live":{"version":"9.6","browserURL":"https://www.gstatic.com/firebasejs/live/9.6/firebase.js","packageURL":"https://www.gstatic.com/firebasejs/live/9.6/firebase.tgz"},"components":{"analytics":"https://www.gstatic.com/firebasejs/9.6.2/firebase-analytics.js","app":"https://www.gstatic.com/firebasejs/9.6.2/firebase-app.js","app-check":"https://www.gstatic.com/firebasejs/9.6.2/firebase-app-check.js","auth":"https://www.gstatic.com/firebasejs/9.6.2/firebase-auth.js","auth/cordova":"https://www.gstatic.com/firebasejs/9.6.2/firebase-auth/cordova.js","auth/react-native":"https://www.gstatic.com/firebasejs/9.6.2/firebase-auth/react-native.js","functions":"https://www.gstatic.com/firebasejs/9.6.2/firebase-functions.js","firestore":"https://www.gstatic.com/firebasejs/9.6.2/firebase-firestore.js","firestore/lite":"https://www.gstatic.com/firebasejs/9.6.2/firebase-firestore/lite.js","storage":"https://www.gstatic.com/firebasejs/9.6.2/firebase-storage.js","performance":"https://www.gstatic.com/firebasejs/9.6.2/firebase-performance.js","remote-config":"https://www.gstatic.com/firebasejs/9.6.2/firebase-remote-config.js","messaging":"https://www.gstatic.com/firebasejs/9.6.2/firebase-messaging.js","messaging/sw":"https://www.gstatic.com/firebasejs/9.6.2/firebase-messaging/sw.js","database":"https://www.gstatic.com/firebasejs/9.6.2/firebase-database.js","firestore.memory":"https://www.gstatic.com/firebasejs/9.6.2/firebase-firestore.memory.js"}}
[info] +  Wrote build/index.html 
[info] 
[info] i  Detected a .git folder at C:\Users\Zach\Programming\FrankeFarms\WineCellar\WineCellarV2\ff-wine-cellar 
[info] i  Authorizing with GitHub to upload your service account to a GitHub repository's secrets store. 
[info] 
[info] Visit this URL on this device to log in:
[info] https://github.com/login/oauth/authorize?client_id=89cf50f02ac6aaed3484&state=1009862852&redirect_uri=http%3A%2F%2Flocalhost%3A9005&scope=read%3Auser%20repo%20public_repo
[info] 
[info] Waiting for authentication...
[debug] [2022-01-09T06:30:32.646Z] >>> HTTP REQUEST POST https://github.com/login/oauth/access_token  
 {"client_id":"89cf50f02ac6aaed3484","client_secret":"3330d14abc895d9a74d5f17cd7a00711fa2c5bf0","code":"b79746c278d689ca6cc7","redirect_uri":"http://localhost:9005","state":"1009862852"}
[debug] [2022-01-09T06:30:33.025Z] <<< HTTP RESPONSE 200 {"server":"GitHub.com","date":"Sun, 09 Jan 2022 06:30:34 GMT","content-type":"application/json; charset=utf-8","transfer-encoding":"chunked","vary":"X-PJAX, X-PJAX-Container, Accept-Encoding, Accept, X-Requested-With","permissions-policy":"interest-cohort=()","etag":"W/\"c36f184d6a641ec103dede9cc71fe649\"","cache-control":"max-age=0, private, must-revalidate","strict-transport-security":"max-age=31536000; includeSubdomains; preload","x-frame-options":"deny","x-content-type-options":"nosniff","x-xss-protection":"0","referrer-policy":"origin-when-cross-origin, strict-origin-when-cross-origin","expect-ct":"max-age=2592000, report-uri=\"https://api.github.com/_private/browser/errors\"","content-security-policy":"default-src 'none'; base-uri 'self'; block-all-mixed-content; child-src github.com/assets-cdn/worker/ gist.github.com/assets-cdn/worker/; connect-src 'self' uploads.github.com objects-origin.githubusercontent.com www.githubstatus.com collector.githubapp.com api.github.com github-cloud.s3.amazonaws.com github-production-repository-file-5c1aeb.s3.amazonaws.com github-production-upload-manifest-file-7fdce7.s3.amazonaws.com github-production-user-asset-6210df.s3.amazonaws.com cdn.optimizely.com logx.optimizely.com/v1/events translator.github.com wss://alive.github.com; font-src github.githubassets.com; form-action 'self' github.com gist.github.com objects-origin.githubusercontent.com; frame-ancestors 'none'; frame-src render.githubusercontent.com viewscreen.githubusercontent.com notebooks.githubusercontent.com; img-src 'self' data: github.githubassets.com identicons.github.com collector.githubapp.com github-cloud.s3.amazonaws.com secured-user-images.githubusercontent.com/ *.githubusercontent.com; manifest-src 'self'; media-src github.com user-images.githubusercontent.com/; script-src github.githubassets.com; style-src 'unsafe-inline' github.githubassets.com; worker-src github.com/assets-cdn/worker/ gist.github.com/assets-cdn/worker/","x-github-request-id":"F13E:68EA:1495F6C:20DFC0D:61DA810A"}
[debug] [2022-01-09T06:30:33.028Z] >>> [apiv2][query] GET https://api.github.com/user [none]
[debug] [2022-01-09T06:30:33.406Z] <<< [apiv2][status] GET https://api.github.com/user 200
[debug] [2022-01-09T06:30:33.406Z] <<< [apiv2][body] GET https://api.github.com/user {"login":"zfranke","id":72953183,"node_id":"MDQ6VXNlcjcyOTUzMTgz","avatar_url":"https://avatars.githubusercontent.com/u/72953183?v=4","gravatar_id":"","url":"https://api.github.com/users/zfranke","html_url":"https://github.com/zfranke","followers_url":"https://api.github.com/users/zfranke/followers","following_url":"https://api.github.com/users/zfranke/following{/other_user}","gists_url":"https://api.github.com/users/zfranke/gists{/gist_id}","starred_url":"https://api.github.com/users/zfranke/starred{/owner}{/repo}","subscriptions_url":"https://api.github.com/users/zfranke/subscriptions","organizations_url":"https://api.github.com/users/zfranke/orgs","repos_url":"https://api.github.com/users/zfranke/repos","events_url":"https://api.github.com/users/zfranke/events{/privacy}","received_events_url":"https://api.github.com/users/zfranke/received_events","type":"User","site_admin":false,"name":null,"company":null,"blog":"","location":null,"email":null,"hireable":null,"bio":"ASU Student and Hobby Programmer.","twitter_username":null,"public_repos":7,"public_gists":0,"followers":0,"following":0,"created_at":"2020-10-16T00:32:10Z","updated_at":"2021-12-07T02:57:57Z","private_gists":0,"total_private_repos":6,"owned_private_repos":6,"disk_usage":25314,"collaborators":1,"two_factor_authentication":false,"plan":{"name":"free","space":976562499,"collaborators":0,"private_repos":10000}}
[info] 
[info] +  Success! Logged into GitHub as zfranke 
[info] 
